\BOOKMARK [1][-]{portada.1}{\376\377\000P\000o\000r\000t\000a\000d\000a}{}% 1
\BOOKMARK [1][-]{firmas.1}{\376\377\000F\000i\000r\000m\000a\000s}{}% 2
\BOOKMARK [1][-]{resumen.1}{\376\377\000R\000e\000s\000u\000m\000e\000n}{}% 3
\BOOKMARK [1][-]{abstract.1}{\376\377\000A\000b\000s\000t\000r\000a\000c\000t}{}% 4
\BOOKMARK [1][-]{agradecimientos.1}{\376\377\000A\000g\000r\000a\000d\000e\000c\000i\000m\000i\000e\000n\000t\000o\000s}{}% 5
\BOOKMARK [0][-]{section*.3}{\376\377\000\315\000n\000d\000i\000c\000e\000\040\000g\000e\000n\000e\000r\000a\000l}{}% 6
\BOOKMARK [0][-]{section*.4}{\376\377\000\315\000n\000d\000i\000c\000e\000\040\000d\000e\000\040\000f\000i\000g\000u\000r\000a\000s}{}% 7
\BOOKMARK [0][-]{section*.5}{\376\377\000\315\000n\000d\000i\000c\000e\000\040\000d\000e\000\040\000f\000o\000t\000o\000g\000r\000a\000f\000\355\000a\000s}{}% 8
\BOOKMARK [0][-]{section*.6}{\376\377\000\315\000n\000d\000i\000c\000e\000\040\000d\000e\000\040\000t\000a\000b\000l\000a\000s}{}% 9
\BOOKMARK [0][-]{chapter.1}{\376\377\000I\000n\000t\000r\000o\000d\000u\000c\000c\000i\000\363\000n}{}% 10
\BOOKMARK [0][-]{chapter.2}{\376\377\000I\000n\000t\000r\000o\000d\000u\000c\000c\000i\000\363\000n\000\040\000t\000e\000\363\000r\000i\000c\000a\000\040\000a\000\040\000f\000u\000e\000n\000t\000e\000s\000\040\000C\000C}{}% 11
\BOOKMARK [1][-]{section.2.1}{\376\377\000S\000o\000b\000r\000e\000\040\000l\000a\000s\000\040\000f\000u\000e\000n\000t\000e\000s\000\040\000d\000e\000\040\000a\000l\000i\000m\000e\000n\000t\000a\000c\000i\000\363\000n\000.}{chapter.2}% 12
\BOOKMARK [2][-]{subsection.2.1.1}{\376\377\000F\000u\000e\000n\000t\000e\000\040\000i\000d\000e\000a\000l\000\040\000d\000e\000\040\000t\000e\000n\000s\000i\000\363\000n\000.}{section.2.1}% 13
\BOOKMARK [2][-]{subsection.2.1.2}{\376\377\000T\000\351\000c\000n\000i\000c\000a\000s\000\040\000d\000e\000\040\000R\000e\000g\000u\000l\000a\000c\000i\000\363\000n}{section.2.1}% 14
\BOOKMARK [2][-]{subsection.2.1.3}{\376\377\000F\000u\000e\000n\000t\000e\000s\000\040\000d\000e\000\040\000a\000l\000i\000m\000e\000n\000t\000a\000c\000i\000\363\000n\000\040\000l\000i\000n\000e\000a\000l\000e\000s\000.}{section.2.1}% 15
\BOOKMARK [1][-]{section.2.2}{\376\377\000F\000u\000n\000c\000i\000o\000n\000a\000m\000i\000e\000n\000t\000o\000\040\000b\000\341\000s\000i\000c\000o\000.}{chapter.2}% 16
\BOOKMARK [2][-]{subsection.2.2.1}{\376\377\000T\000r\000a\000n\000s\000f\000o\000r\000m\000a\000d\000o\000r}{section.2.2}% 17
\BOOKMARK [2][-]{subsection.2.2.2}{\376\377\000R\000e\000c\000t\000i\000f\000i\000c\000a\000d\000o\000r}{section.2.2}% 18
\BOOKMARK [2][-]{subsection.2.2.3}{\376\377\000F\000i\000l\000t\000r\000o}{section.2.2}% 19
\BOOKMARK [2][-]{subsection.2.2.4}{\376\377\000R\000e\000g\000u\000l\000a\000d\000o\000r}{section.2.2}% 20
\BOOKMARK [1][-]{section.2.3}{\376\377\000V\000e\000n\000t\000a\000j\000a\000s\000\040\000y\000\040\000d\000e\000s\000v\000e\000n\000t\000a\000j\000a\000s}{chapter.2}% 21
\BOOKMARK [1][-]{section.2.4}{\376\377\000E\000v\000o\000l\000u\000c\000i\000\363\000n\000\040\000y\000\040\000m\000e\000j\000o\000r\000a\000s\000\040\000c\000o\000n\000\040\000e\000l\000\040\000p\000a\000s\000a\000r\000\040\000d\000e\000\040\000l\000o\000s\000\040\000a\000\361\000o\000s}{chapter.2}% 22
\BOOKMARK [1][-]{section.2.5}{\376\377\000F\000u\000e\000n\000t\000e\000s\000\040\000c\000o\000m\000e\000r\000c\000i\000a\000l\000e\000s}{chapter.2}% 23
\BOOKMARK [0][-]{chapter.3}{\376\377\000M\000o\000d\000i\000f\000i\000c\000a\000c\000i\000\363\000n\000\040\000d\000e\000\040\000l\000a\000\040\000F\000u\000e\000n\000t\000e\000\040\000C\000C\000\040\000a\000n\000t\000e\000r\000i\000o\000r}{}% 24
\BOOKMARK [1][-]{section.3.1}{\376\377\000S\000o\000b\000r\000e\000\040\000l\000a\000\040\000f\000u\000e\000n\000t\000e\000s\000\040\000d\000e\000\040\000a\000l\000i\000m\000e\000n\000t\000a\000c\000i\000\363\000n\000\040\000a\000n\000t\000e\000r\000i\000o\000r}{chapter.3}% 25
\BOOKMARK [2][-]{subsection.3.1.1}{\376\377\000C\000i\000r\000c\000u\000i\000t\000o\000\040\000F\000i\000j\000a\000d\000o\000r\000\040\000d\000e\000\040\000R\000e\000f\000e\000r\000e\000n\000c\000i\000a\000\040\000p\000a\000r\000a\000\040\000l\000o\000s\000\040\000T\000r\000a\000n\000s\000i\000s\000t\000o\000r\000e\000s}{section.3.1}% 26
\BOOKMARK [2][-]{subsection.3.1.2}{\376\377\000M\000o\000d\000i\000f\000i\000c\000a\000c\000i\000\363\000n\000\040\000d\000e\000\040\000u\000s\000o\000\040\000d\000e\000\040\000P\000o\000t\000e\000n\000c\000i\000\363\000m\000e\000t\000r\000o\000s\000\040\000D\000i\000g\000i\000t\000a\000l\000e\000s\000\040\000M\000C\000P\0004\0006\0006\0001}{section.3.1}% 27
\BOOKMARK [2][-]{subsection.3.1.3}{\376\377\000E\000l\000i\000m\000i\000n\000a\000c\000i\000\363\000n\000\040\000d\000e\000l\000\040\000c\000i\000r\000c\000u\000i\000t\000o\000\040\000d\000e\000\040\000m\000e\000d\000i\000c\000i\000\363\000n\000\040\000e\000x\000t\000e\000r\000n\000o}{section.3.1}% 28
\BOOKMARK [2][-]{subsection.3.1.4}{\376\377\000M\000o\000d\000i\000f\000i\000c\000a\000c\000i\000\363\000n\000\040\000d\000e\000l\000\040\000C\000i\000r\000c\000u\000i\000t\000o\000\040\000d\000e\000\040\000A\000c\000o\000p\000l\000e\000\040\000y\000\040\000D\000e\000s\000a\000c\000o\000p\000l\000e\000\040\000d\000e\000\040\000C\000a\000r\000g\000a}{section.3.1}% 29
\BOOKMARK [2][-]{subsection.3.1.5}{\376\377\000S\000i\000m\000p\000l\000i\000f\000i\000c\000a\000c\000i\000\363\000n\000\040\000d\000e\000l\000\040\000C\000i\000r\000c\000u\000i\000t\000o\000\040\000I\000n\000d\000i\000c\000a\000d\000o\000r\000\040\000d\000e\000\040\000M\000o\000d\000o\000\040\000d\000e\000\040\000O\000p\000e\000r\000a\000c\000i\000\363\000n}{section.3.1}% 30
\BOOKMARK [2][-]{subsection.3.1.6}{\376\377\000I\000n\000t\000e\000g\000r\000a\000c\000i\000\363\000n\000\040\000d\000e\000l\000\040\000C\000i\000r\000c\000u\000i\000t\000o\000\040\000c\000o\000n\000\040\000N\000o\000d\000e\000M\000C\000U\000\040\000E\000S\000P\000-\0003\0002\000S}{section.3.1}% 31
\BOOKMARK [2][-]{subsection.3.1.7}{\376\377\000E\000n\000c\000o\000d\000e\000r\000s\000\040\000r\000o\000t\000a\000t\000i\000v\000o\000s}{section.3.1}% 32
\BOOKMARK [0][-]{chapter.4}{\376\377\000D\000i\000s\000e\000\361\000o\000\040\000d\000e\000l\000\040\000p\000r\000o\000t\000o\000t\000i\000p\000o}{}% 33
\BOOKMARK [1][-]{section.4.1}{\376\377\000E\000t\000a\000p\000a\000\040\000d\000e\000\040\000a\000l\000i\000m\000e\000n\000t\000a\000c\000i\000\363\000n}{chapter.4}% 34
\BOOKMARK [1][-]{section.4.2}{\376\377\000E\000t\000a\000p\000a\000\040\000d\000e\000\040\000P\000o\000t\000e\000n\000c\000i\000a}{chapter.4}% 35
\BOOKMARK [1][-]{section.4.3}{\376\377\000S\000e\000n\000s\000a\000d\000o\000\040\000d\000e\000\040\000c\000o\000r\000r\000i\000e\000n\000t\000e}{chapter.4}% 36
\BOOKMARK [1][-]{section.4.4}{\376\377\000S\000e\000n\000s\000a\000d\000o\000\040\000d\000e\000\040\000t\000e\000n\000s\000i\000\363\000n}{chapter.4}% 37
\BOOKMARK [1][-]{section.4.5}{\376\377\000A\000c\000t\000u\000a\000d\000o\000r\000\040\000d\000e\000\040\000p\000o\000t\000e\000n\000c\000i\000a}{chapter.4}% 38
\BOOKMARK [1][-]{section.4.6}{\376\377\000A\000c\000o\000p\000l\000e\000\040\000y\000\040\000d\000e\000s\000a\000c\000o\000p\000l\000e\000\040\000d\000e\000\040\000c\000a\000r\000g\000a}{chapter.4}% 39
\BOOKMARK [0][-]{chapter.5}{\376\377\000E\000s\000t\000r\000a\000t\000e\000g\000i\000a\000\040\000d\000e\000\040\000c\000o\000n\000t\000r\000o\000l}{}% 40
\BOOKMARK [1][-]{section.5.1}{\376\377\000P\000r\000i\000n\000c\000i\000p\000i\000o\000\040\000d\000e\000\040\000e\000s\000t\000r\000a\000t\000e\000g\000i\000a\000\040\000d\000e\000\040\000c\000o\000n\000t\000r\000o\000l\000.}{chapter.5}% 41
\BOOKMARK [1][-]{section.5.2}{\376\377\000L\000a\000z\000o\000\040\000d\000e\000\040\000c\000o\000r\000r\000i\000e\000n\000t\000e}{chapter.5}% 42
\BOOKMARK [1][-]{section.5.3}{\376\377\000L\000a\000z\000o\000\040\000d\000e\000\040\000t\000e\000n\000s\000i\000\363\000n}{chapter.5}% 43
\BOOKMARK [1][-]{section.5.4}{\376\377\000A\000l\000g\000o\000r\000i\000t\000m\000o\000\040\000A\000n\000t\000i\000-\000W\000i\000n\000d\000u\000p}{chapter.5}% 44
\BOOKMARK [0][-]{chapter.6}{\376\377\000I\000n\000t\000e\000r\000f\000a\000z\000\040\000d\000e\000\040\000d\000a\000t\000o\000s\000\040\000d\000e\000\040\000e\000n\000t\000r\000a\000d\000a\000\040\000y\000\040\000s\000a\000l\000i\000d\000a}{}% 45
\BOOKMARK [1][-]{section.6.1}{\376\377\000D\000i\000a\000g\000r\000a\000m\000a\000\040\000d\000e\000\040\000b\000l\000o\000q\000u\000e\000s\000\040\000d\000e\000\040\000l\000a\000\040\000i\000n\000t\000e\000r\000f\000a\000z\000\040\000d\000e\000\040\000d\000a\000t\000o\000s}{chapter.6}% 46
\BOOKMARK [1][-]{section.6.2}{\376\377\000C\000o\000m\000p\000o\000n\000e\000n\000t\000e\000s\000\040\000d\000e\000\040\000l\000a\000\040\000e\000t\000a\000p\000a\000\040\000d\000i\000g\000i\000t\000a\000l\000.}{chapter.6}% 47
\BOOKMARK [2][-]{subsection.6.2.1}{\376\377\000M\000i\000c\000r\000o\000c\000o\000n\000t\000r\000o\000l\000a\000d\000o\000r\000\040\000A\000r\000d\000u\000i\000n\000o\000\040\000N\000a\000n\000o\000.}{section.6.2}% 48
\BOOKMARK [2][-]{subsection.6.2.2}{\376\377\000T\000e\000c\000l\000a\000d\000o\000\040\000d\000e\000\040\000m\000e\000m\000b\000r\000a\000n\000a\000\040\0004\000x\0004\000.}{section.6.2}% 49
\BOOKMARK [2][-]{subsection.6.2.3}{\376\377\000D\000i\000s\000p\000l\000a\000y\000\040\000O\000L\000E\000D\000\040\000S\000S\000D\0001\0003\0000\0006\000.}{section.6.2}% 50
\BOOKMARK [2][-]{subsection.6.2.4}{\376\377\000A\000i\000s\000l\000a\000d\000o\000r\000\040\000I\0002\000C\000\040\000c\000a\000p\000a\000c\000i\000t\000i\000v\000o\000.}{section.6.2}% 51
\BOOKMARK [2][-]{subsection.6.2.5}{\376\377\000C\000o\000n\000v\000e\000r\000t\000i\000d\000o\000r\000\040\000a\000n\000a\000l\000\363\000g\000i\000c\000o\000\040\000d\000i\000g\000i\000t\000a\000l\000.\000\040\000A\000D\000C\000.}{section.6.2}% 52
\BOOKMARK [2][-]{subsection.6.2.6}{\376\377\000C\000o\000n\000v\000e\000r\000t\000i\000d\000o\000r\000\040\000d\000i\000g\000i\000t\000a\000l\000\040\000a\000n\000a\000l\000\363\000g\000i\000c\000o\000.\000\040\000D\000A\000C\000.}{section.6.2}% 53
\BOOKMARK [1][-]{section.6.3}{\376\377\000M\000o\000d\000o\000s\000\040\000d\000e\000\040\000o\000p\000e\000r\000a\000c\000i\000\363\000n\000\040\000d\000e\000\040\000l\000a\000\040\000f\000u\000e\000n\000t\000e\000.}{chapter.6}% 54
\BOOKMARK [2][-]{subsection.6.3.1}{\376\377\000M\000o\000d\000o\000\040\000T\000e\000n\000s\000i\000\363\000n}{section.6.3}% 55
\BOOKMARK [2][-]{subsection.6.3.2}{\376\377\000M\000o\000d\000o\000\040\000C\000o\000r\000r\000i\000e\000n\000t\000e}{section.6.3}% 56
\BOOKMARK [2][-]{subsection.6.3.3}{\376\377\000M\000o\000d\000o\000\040\000R\000a\000m\000p\000a}{section.6.3}% 57
\BOOKMARK [0][-]{chapter.7}{\376\377\000S\000o\000f\000t\000w\000a\000r\000e\000\040\000d\000e\000\040\000p\000r\000o\000g\000r\000a\000m\000a\000c\000i\000\363\000n\000\040\000y\000\040\000e\000n\000s\000a\000y\000o\000\040\000d\000e\000l\000\040\000c\000o\000n\000t\000r\000o\000l\000\040\000d\000i\000g\000i\000t\000a\000l}{}% 58
\BOOKMARK [1][-]{section.7.1}{\376\377\000C\000a\000r\000a\000c\000t\000e\000r\000\355\000s\000t\000i\000c\000a\000s\000\040\000f\000\355\000s\000i\000c\000a\000s\000\040\000d\000e\000l\000\040\000m\000i\000c\000r\000o\000c\000o\000n\000t\000r\000o\000l\000a\000d\000o\000r}{chapter.7}% 59
\BOOKMARK [2][-]{subsection.7.1.1}{\376\377\000L\000\363\000g\000i\000c\000a\000\040\000I\000n\000t\000e\000r\000n\000a\000\040\000d\000e\000l\000\040\000A\000r\000d\000u\000i\000n\000o\000\040\000N\000a\000n\000o}{section.7.1}% 60
\BOOKMARK [2][-]{subsection.7.1.2}{\376\377\000P\000r\000o\000c\000e\000s\000a\000m\000i\000e\000n\000t\000o\000\040\000d\000e\000\040\000t\000a\000r\000e\000a\000s}{section.7.1}% 61
\BOOKMARK [2][-]{subsection.7.1.3}{\376\377\000P\000i\000n\000o\000u\000t\000\040\000d\000e\000\040\000a\000r\000d\000u\000i\000n\000o\000\040\000n\000a\000n\000o}{section.7.1}% 62
\BOOKMARK [2][-]{subsection.7.1.4}{\376\377\000P\000r\000o\000t\000o\000c\000o\000l\000o\000\040\000d\000e\000\040\000c\000o\000m\000u\000n\000i\000c\000a\000c\000i\000\363\000n\000.}{section.7.1}% 63
\BOOKMARK [2][-]{subsection.7.1.5}{\376\377\000D\000e\000p\000e\000n\000d\000e\000n\000c\000i\000a\000s\000\040\000y\000\040\000L\000i\000b\000r\000e\000r\000\355\000a\000s\000\040\000E\000m\000p\000l\000e\000a\000d\000a\000s}{section.7.1}% 64
\BOOKMARK [1][-]{section.7.2}{\376\377\000E\000n\000s\000a\000y\000o\000s\000\040\000y\000\040\000s\000i\000m\000u\000l\000a\000c\000i\000\363\000n}{chapter.7}% 65
\BOOKMARK [1][-]{section.7.3}{\376\377\000R\000e\000s\000u\000l\000t\000a\000d\000o\000s\000\040\000E\000x\000p\000e\000r\000i\000m\000e\000n\000t\000a\000l\000e\000s}{chapter.7}% 66
\BOOKMARK [0][-]{chapter.8}{\376\377\000M\000o\000d\000e\000l\000a\000d\000o\000\040\000y\000\040\000c\000o\000n\000s\000t\000r\000u\000c\000c\000i\000\363\000n\000\040\000d\000e\000l\000\040\000P\000C\000B\000.}{}% 67
\BOOKMARK [1][-]{section.8.1}{\376\377\000S\000o\000f\000t\000w\000a\000r\000e\000\040\000y\000\040\000h\000e\000r\000r\000a\000m\000i\000e\000n\000t\000a\000s\000\040\000d\000e\000\040\000d\000i\000s\000e\000\361\000o\000\040\000e\000m\000p\000l\000e\000a\000d\000a\000s\000.}{chapter.8}% 68
\BOOKMARK [1][-]{section.8.2}{\376\377\000C\000o\000n\000s\000t\000r\000u\000c\000c\000i\000\363\000n\000\040\000d\000e\000l\000\040\000p\000r\000i\000m\000e\000r\000\040\000p\000r\000o\000t\000o\000t\000i\000p\000o\000.}{chapter.8}% 69
\BOOKMARK [1][-]{section.8.3}{\376\377\000E\000n\000s\000a\000y\000o\000\040\000d\000e\000\040\000l\000a\000b\000o\000r\000a\000t\000o\000r\000i\000o\000\040\000y\000\040\000p\000r\000u\000e\000b\000a\000s\000\040\000p\000r\000\341\000c\000t\000i\000c\000a\000s\000.}{chapter.8}% 70
\BOOKMARK [1][-]{section.8.4}{\376\377\000I\000m\000p\000l\000e\000m\000e\000n\000t\000a\000c\000i\000\363\000n\000\040\000d\000e\000\040\000m\000e\000j\000o\000r\000a\000s\000.}{chapter.8}% 71
\BOOKMARK [0][-]{chapter.9}{\376\377\000I\000n\000s\000t\000r\000u\000c\000c\000i\000o\000n\000e\000s\000\040\000d\000e\000\040\000u\000s\000o\000.}{}% 72
\BOOKMARK [1][-]{section.9.1}{\376\377\000C\000i\000c\000l\000o\000\040\000d\000e\000\040\000f\000u\000n\000c\000i\000o\000n\000a\000m\000i\000e\000n\000t\000o}{chapter.9}% 73
\BOOKMARK [2][-]{subsection.9.1.1}{\376\377\000D\000i\000a\000g\000r\000a\000m\000a\000\040\000d\000e\000\040\000c\000o\000n\000t\000r\000o\000l\000\040\000d\000e\000\040\000f\000u\000n\000c\000i\000o\000n\000a\000m\000i\000e\000n\000t\000o\000.}{section.9.1}% 74
\BOOKMARK [1][-]{section.9.2}{\376\377\000U\000s\000o\000\040\000d\000e\000\040\000t\000e\000c\000l\000a\000d\000o}{chapter.9}% 75
\BOOKMARK [1][-]{section.9.3}{\376\377\000P\000a\000n\000t\000a\000l\000l\000a\000s\000\040\000D\000i\000s\000p\000o\000n\000i\000b\000l\000e\000s}{chapter.9}% 76
\BOOKMARK [0][-]{section*.45}{\376\377\000B\000i\000b\000l\000i\000o\000g\000r\000a\000f\000\355\000a}{}% 77
